<?xml version="1.0" encoding="UTF-8"?>
<!-- Generated by org.testng.reporters.JUnitReportReporter -->
<testsuite hostname="MSI" failures="0" tests="6" name="LoginTests" time="35.109" errors="0" timestamp="2021-05-25T18:01:10 GMT-05:00" skipped="0">
  <testcase classname="LoginTests" name="testLogin" time="5.448"/>
  <system-out/>
  <testcase classname="LoginTests" name="testLogin" time="6.226"/>
  <system-out/>
  <testcase classname="LoginTests" name="testLogin" time="5.180"/>
  <system-out/>
  <testcase classname="LoginTests" name="testLogin" time="4.875"/>
  <system-out/>
  <testcase classname="LoginTests" name="testLogin" time="4.716"/>
  <system-out/>
  <testcase classname="LoginTests" name="testLogin" time="8.664"/>
  <system-out/>
</testsuite> <!-- LoginTests -->
